<?xml version="1.0" encoding="UTF-8"?>
<testsuite name="Test" tests="2" skipped="0" failures="0" errors="0" timestamp="2020-03-23T06:13:56" hostname="DESKTOP-LQM48T6" time="13.739">
  <properties/>
  <testcase name="viewTheViewTatTelecomPage" classname="Test" time="12.103"/>
  <testcase name="closeTheViewTatTelecomPage" classname="Test" time="1.636"/>
  <system-out><![CDATA[]]></system-out>
  <system-err><![CDATA[SLF4J: Failed to load class "org.slf4j.impl.StaticLoggerBinder".
SLF4J: Defaulting to no-operation (NOP) logger implementation
SLF4J: See http://www.slf4j.org/codes.html#StaticLoggerBinder for further details.
Starting ChromeDriver 80.0.3987.106 (f68069574609230cf9b635cd784cfb1bf81bb53a-refs/branch-heads/3987@{#882}) on port 40780
Only local connections are allowed.
Please protect ports used by ChromeDriver and related test frameworks to prevent access by malicious code.
[1584944040.646][WARNING]: Timed out connecting to Chrome, retrying...
[1584944044.659][WARNING]: Timed out connecting to Chrome, retrying...
Mar 23, 2020 9:14:06 AM org.openqa.selenium.remote.ProtocolHandshake createSession
INFO: Detected dialect: W3C
[1584944047.378][SEVERE]: Timed out receiving message from renderer: 0.100
[1584944048.489][SEVERE]: Timed out receiving message from renderer: 0.100
[1584944049.271][SEVERE]: Timed out receiving message from renderer: 0.100
[1584944049.580][SEVERE]: Timed out receiving message from renderer: 0.100
[1584944049.755][SEVERE]: Timed out receiving message from renderer: 0.100
[1584944049.862][SEVERE]: Timed out receiving message from renderer: 0.100
[1584944049.963][SEVERE]: Timed out receiving message from renderer: 0.100
[1584944050.065][SEVERE]: Timed out receiving message from renderer: 0.100
[1584944050.166][SEVERE]: Timed out receiving message from renderer: 0.100
]]></system-err>
</testsuite>
